<?xml version="1.0" encoding="UTF-8"?>
<testsuite xmlns:xsi="http://www.w3.org/2001/XMLSchema-instance" xsi:noNamespaceSchemaLocation="https://maven.apache.org/surefire/maven-surefire-plugin/xsd/surefire-test-report-3.0.xsd" version="3.0" name="com.example.graphql.GraphqlApplicationTests" time="10.324" tests="1" errors="0" skipped="0" failures="0">
  <properties>
[...]
</properties>
  <testcase name="contextLoads" classname="com.example.graphql.GraphqlApplicationTests" time="0.759">
    <system-out><![CDATA[15:09:14.717 [main] INFO org.springframework.test.context.support.AnnotationConfigContextLoaderUtils -- Could not detect default configuration classes for test class [com.example.graphql.GraphqlApplicationTests]: GraphqlApplicationTests does not declare any static, non-private, non-final, nested classes annotated with @Configuration.
15:09:14.868 [main] INFO org.springframework.boot.test.context.SpringBootTestContextBootstrapper -- Found @SpringBootConfiguration com.example.graphql.GraphqlApplication for test class com.example.graphql.GraphqlApplicationTests

  .   ____          _            __ _ _
 /\\ / ___'_ __ _ _(_)_ __  __ _ \ \ \ \
( ( )\___ | '_ | '_| | '_ \/ _` | \ \ \ \
 \\/  ___)| |_)| | | | | || (_| |  ) ) ) )
  '  |____| .__|_| |_|_| |_\__, | / / / /
 =========|_|==============|___/=/_/_/_/

 :: Spring Boot ::                (v3.3.5)

2024-11-23T15:09:15.450+01:00  INFO 15336 --- [graphql] [           main] c.e.graphql.GraphqlApplicationTests      : Starting GraphqlApplicationTests using Java 21.0.1 with PID 15336 (started by HB in C:\Users\MT\Documents\Github\tp_graphql-main\Graphiql_tp)
2024-11-23T15:09:15.451+01:00  INFO 15336 --- [graphql] [           main] c.e.graphql.GraphqlApplicationTests      : No active profile set, falling back to 1 default profile: "default"
2024-11-23T15:09:16.816+01:00  INFO 15336 --- [graphql] [           main] .s.d.r.c.RepositoryConfigurationDelegate : Bootstrapping Spring Data JPA repositories in DEFAULT mode.
2024-11-23T15:09:17.119+01:00  INFO 15336 --- [graphql] [           main] .s.d.r.c.RepositoryConfigurationDelegate : Finished Spring Data repository scanning in 286 ms. Found 2 JPA repository interfaces.
2024-11-23T15:09:17.988+01:00  INFO 15336 --- [graphql] [           main] o.hibernate.jpa.internal.util.LogHelper  : HHH000204: Processing PersistenceUnitInfo [name: default]
2024-11-23T15:09:18.133+01:00  INFO 15336 --- [graphql] [           main] org.hibernate.Version                    : HHH000412: Hibernate ORM core version 6.5.3.Final
2024-11-23T15:09:18.204+01:00  INFO 15336 --- [graphql] [           main] o.h.c.internal.RegionFactoryInitiator    : HHH000026: Second-level cache disabled
2024-11-23T15:09:18.924+01:00  INFO 15336 --- [graphql] [           main] o.s.o.j.p.SpringPersistenceUnitInfo      : No LoadTimeWeaver setup: ignoring JPA class transformer
2024-11-23T15:09:18.985+01:00  INFO 15336 --- [graphql] [           main] com.zaxxer.hikari.HikariDataSource       : HikariPool-1 - Starting...
2024-11-23T15:09:19.484+01:00  INFO 15336 --- [graphql] [           main] com.zaxxer.hikari.pool.HikariPool        : HikariPool-1 - Added connection com.mysql.cj.jdbc.ConnectionImpl@36871e98
2024-11-23T15:09:19.486+01:00  INFO 15336 --- [graphql] [           main] com.zaxxer.hikari.HikariDataSource       : HikariPool-1 - Start completed.
2024-11-23T15:09:19.559+01:00  WARN 15336 --- [graphql] [           main] org.hibernate.orm.deprecation            : HHH90000025: MySQLDialect does not need to be specified explicitly using 'hibernate.dialect' (remove the property setting and it will be selected by default)
2024-11-23T15:09:20.811+01:00  INFO 15336 --- [graphql] [           main] o.h.e.t.j.p.i.JtaPlatformInitiator       : HHH000489: No JTA platform available (set 'hibernate.transaction.jta.platform' to enable JTA platform integration)
2024-11-23T15:09:20.888+01:00  INFO 15336 --- [graphql] [           main] j.LocalContainerEntityManagerFactoryBean : Initialized JPA EntityManagerFactory for persistence unit 'default'
2024-11-23T15:09:21.371+01:00  INFO 15336 --- [graphql] [           main] o.s.d.j.r.query.QueryEnhancerFactory     : Hibernate is in classpath; If applicable, HQL parser will be used.
2024-11-23T15:09:22.311+01:00  WARN 15336 --- [graphql] [           main] JpaBaseConfiguration$JpaWebConfiguration : spring.jpa.open-in-view is enabled by default. Therefore, database queries may be performed during view rendering. Explicitly configure spring.jpa.open-in-view to disable this warning
2024-11-23T15:09:23.004+01:00  INFO 15336 --- [graphql] [           main] efaultSchemaResourceGraphQlSourceBuilder : Loaded 1 resource(s) in the GraphQL schema.
2024-11-23T15:09:23.433+01:00  INFO 15336 --- [graphql] [           main] o.s.b.a.g.GraphQlAutoConfiguration       : GraphQL schema inspection:
	Unmapped fields: {Transaction=[date], SoldeStats=[count, sum, average]}
	Unmapped registrations: {Query.transactionStats=TransactionControllerGraphQL#transactionStats[0 args]}
	Unmapped arguments: {}
	Skipped types: []
2024-11-23T15:09:23.477+01:00  INFO 15336 --- [graphql] [           main] s.b.a.g.s.GraphQlWebMvcAutoConfiguration : GraphQL endpoint HTTP POST /graphql
2024-11-23T15:09:23.847+01:00  INFO 15336 --- [graphql] [           main] c.e.graphql.GraphqlApplicationTests      : Started GraphqlApplicationTests in 8.763 seconds (process running for 10.527)
]]></system-out>
    <system-err><![CDATA[WARNING: A Java agent has been loaded dynamically (C:\Users\MT\.m2\repository\net\bytebuddy\byte-buddy-agent\1.14.19\byte-buddy-agent-1.14.19.jar)
WARNING: If a serviceability tool is in use, please run with -XX:+EnableDynamicAgentLoading to hide this warning
WARNING: If a serviceability tool is not in use, please run with -Djdk.instrument.traceUsage for more information
WARNING: Dynamic loading of agents will be disallowed by default in a future release
]]></system-err>
  </testcase>
</testsuite>